"../../../Engine/Content/Functions/Engine_MaterialFunctions02/Utility/BlendAngleCorrectedNormals.uasset" 0
"../../../Engine/Content/Functions/MaterialLayerFunctions/MatLayerBlend_NormalBlend.uasset" 1
"../../../Engine/Content/Functions/MaterialLayerFunctions/MatLayerBlend_Simple.uasset" 2
"../../../MyProject/Content/Mannequin/Character/Materials/MaterialLayers/T_ML_Rubber_Blue_01_D.uasset" 3
"../../../MyProject/Content/Mannequin/Character/Materials/MaterialLayers/T_ML_Rubber_Blue_01_N.uasset" 4
"../../../MyProject/Content/Mannequin/Character/Materials/MaterialLayers/ML_GlossyBlack_Latex_UE4.uasset" 5
"../../../MyProject/Content/Mannequin/Character/Materials/MaterialLayers/ML_Plastic_Shiny_Beige.uasset" 6
"../../../MyProject/Content/Mannequin/Character/Textures/UE4_LOGO_CARD.uasset" 7
"../../../MyProject/Content/Mannequin/Character/Materials/MaterialLayers/ML_Plastic_Shiny_Beige_LOGO.uasset" 8
"../../../MyProject/Content/Mannequin/Character/Materials/MaterialLayers/T_ML_Aluminum01.uasset" 9
"../../../MyProject/Content/Mannequin/Character/Materials/MaterialLayers/T_ML_Aluminum01_N.uasset" 10
"../../../MyProject/Content/Mannequin/Character/Materials/MaterialLayers/ML_SoftMetal_UE4.uasset" 11
"../../../MyProject/Content/Mannequin/Character/Textures/UE4_Mannequin__normals.uasset" 12
"../../../MyProject/Content/Mannequin/Character/Textures/UE4_Mannequin_MAT_MASKA.uasset" 13
"../../../MyProject/Content/Mannequin/Character/Materials/M_UE4Man_Body.uasset" 14
"../../../MyProject/Content/Mannequin/Character/Textures/UE4Man_Logo_N.uasset" 15
"../../../MyProject/Content/Mannequin/Character/Materials/M_UE4Man_ChestLogo.uasset" 16
"../../../MyProject/Content/Mannequin/Character/Mesh/SK_Mannequin_PhysicsAsset.uasset" 17
"../../../MyProject/Content/Mannequin/Character/Mesh/SK_Mannequin.uasset" 18
"../../../MyProject/Content/Mannequin/Character/Mesh/UE4_Mannequin_Skeleton.uasset" 19
"../../../MyProject/Content/Mannequin/Animations/ThirdPerson_Jump.uasset" 20
"../../../MyProject/Content/Mannequin/Animations/ThirdPersonJump_Loop.uasset" 21
"../../../MyProject/Content/Mannequin/Animations/ThirdPersonJump_Start.uasset" 22
"../../../MyProject/Content/Mannequin/Animations/ThirdPersonIdle.uasset" 23
"../../../MyProject/Content/Mannequin/Animations/ThirdPersonRun.uasset" 24
"../../../MyProject/Content/Mannequin/Animations/ThirdPersonWalk.uasset" 25
"../../../MyProject/Content/Mannequin/Animations/ThirdPerson_IdleRun_2D.uasset" 26
"../../../Engine/Content/EditorBlueprintResources/StandardMacros.uasset" 27
"../../../MyProject/Content/Mannequin/Animations/ThirdPerson_AnimBP.uasset" 28
"../../../MyProject/Content/SideScrollerBP/Blueprints/SideScrollerCharacter.uasset" 29
"../../../Engine/Content/EngineSky/C_Sky_Cloud_Color.uasset" 30
"../../../Engine/Content/EngineSky/C_Sky_Horizon_Color.uasset" 31
"../../../Engine/Content/EngineSky/C_Sky_Zenith_Color.uasset" 32
"../../../Engine/Content/EngineSky/T_Sky_Blue.uasset" 33
"../../../Engine/Content/EngineSky/T_Sky_Clouds_M.uasset" 34
"../../../Engine/Content/EngineSky/T_Sky_Stars.uasset" 35
"../../../Engine/Content/EngineSky/SM_SkySphere.uasset" 36
"../../../Engine/Content/EngineSky/M_Sky_Panning_Clouds2.uasset" 37
"../../../Engine/Content/EngineSky/BP_Sky_Sphere.uasset" 38
"../../../Engine/Content/EngineFonts/RobotoDistanceField.uasset" 39
"../../../Engine/Content/Functions/Engine_MaterialFunctions03/Procedurals/ComputeFilterWidth.uasset" 40
"../../../Engine/Content/EngineMaterials/AntiAliasedTextMaterialTranslucent.uasset" 41
"../../../Engine/Content/Functions/Engine_MaterialFunctions01/Opacity/CameraDepthFade.uasset" 42
"../../../Engine/Content/EngineMaterials/T_Default_Material_Grid_M.uasset" 43
"../../../Engine/Content/EngineMaterials/T_Default_Material_Grid_N.uasset" 44
"../../../Engine/Content/EngineMaterials/DefaultMaterial.uasset" 45
"../../../MyProject/Content/SideScrollerBP/tree_leaves_leaves1Mat.uasset" 46
"../../../MyProject/Content/SideScrollerBP/tree_trunk_trunk1Mat.uasset" 47
"../../../MyProject/Content/SideScrollerBP/wallpaper_no_mans_sky_02_1920x1080__1_.uasset" 48
"../../../MyProject/Content/SideScrollerBP/wallpaper_no_mans_sky_02_1920x1080__1__Mat.uasset" 49
"../../../MyProject/Content/Geometry/Meshes/CubeMaterial.uasset" 50
"../../../MyProject/Content/Geometry/Meshes/1M_Cube.uasset" 51
"../../../MyProject/Content/Geometry/Meshes/TemplateFloor.uasset" 52
"../../../MyProject/Content/SideScrollerBP/low_poly_tree.uasset" 53
"../../../MyProject/Content/SideScrollerBP/Maps/SideScrollerExampleMap.umap" 54
"../../../Engine/Content/EngineFonts/Roboto.uasset" 55
"../../../Engine/Content/Functions/Engine_MaterialFunctions01/Shading/PowerToRoughness.uasset" 56
"../../../Engine/Content/EngineMaterials/DefaultDiffuse.uasset" 57
"../../../Engine/Content/EngineMaterials/DefaultDeferredDecalMaterial.uasset" 58
"../../../Engine/Content/EngineMaterials/DefaultLightFunctionMaterial.uasset" 59
"../../../Engine/Content/Functions/Engine_MaterialFunctions02/Utility/BreakOutFloat2Components.uasset" 60
"../../../Engine/Content/EngineMaterials/DefaultPostProcessMaterial.uasset" 61
"../../../Engine/Content/Functions/Engine_MaterialFunctions02/Texturing/ScreenAlignedUVs.uasset" 62
"../../../Engine/Content/EngineResources/WhiteSquareTexture.uasset" 63
"../../../Engine/Content/EngineMaterials/Widget3DPassThrough.uasset" 64
"../../../Engine/Content/EngineMaterials/Widget3DPassThrough_Translucent.uasset" 65
"../../../Engine/Content/EngineMaterials/Widget3DPassThrough_Translucent_OneSided.uasset" 66
"../../../Engine/Content/EngineMaterials/Widget3DPassThrough_Opaque.uasset" 67
"../../../Engine/Content/EngineMaterials/Widget3DPassThrough_Opaque_OneSided.uasset" 68
"../../../Engine/Content/EngineMaterials/Widget3DPassThrough_Masked.uasset" 69
"../../../Engine/Content/EngineMaterials/Widget3DPassThrough_Masked_OneSided.uasset" 70
"../../../Engine/Content/EditorResources/S_Actor.uasset" 71
"../../../Engine/Content/EditorResources/S_Emitter.uasset" 72
"../../../Engine/Content/EditorResources/SceneManager.uasset" 73
"../../../Engine/Content/EditorResources/Bad.uasset" 74
"../../../Engine/Content/EditorResources/Bkgnd.uasset" 75
"../../../Engine/Content/EditorResources/BkgndHi.uasset" 76
"../../../Engine/Content/EditorMeshes/EditorCube.uasset" 77
"../../../Engine/Content/EditorMeshes/EditorSphere.uasset" 78
"../../../Engine/Content/EditorMeshes/EditorPlane.uasset" 79
"../../../Engine/Content/EditorMeshes/EditorCylinder.uasset" 80
"../../../Engine/Content/Maps/Templates/Thumbnails/Default.uasset" 81
"../../../Engine/Content/EditorMaterials/Thumbnails/SkySphereMaterial.uasset" 82
"../../../Engine/Content/EditorMeshes/EditorSkySphere.uasset" 83
"../../../Engine/Content/EngineMaterials/Grid.uasset" 84
"../../../Engine/Content/EditorMaterials/Thumbnails/FloorPlaneMaterial.uasset" 85
"../../../Engine/Content/MapTemplates/Sky/DaylightAmbientCubemap.uasset" 86
"../../../Engine/Content/EditorMaterials/ParticleSystems/PSysThumbnail_NoImage.uasset" 87
"../../../Engine/Content/EditorMaterials/ParticleSystems/PSysThumbnail_OOD.uasset" 88
"../../../Engine/Content/EditorResources/S_DecalActorIcon.uasset" 89
"../../../Engine/Content/EditorLandscapeResources/LandscapeGizmo_Mat.uasset" 90
"../../../Engine/Content/EditorLandscapeResources/LandscapeGizmo_Mat_Copied.uasset" 91
"../../../Engine/Content/EditorLandscapeResources/LandscapeGizmoHeight_Mat.uasset" 92
"../../../Engine/Content/EditorLandscapeResources/DataLayer.uasset" 93
"../../../Engine/Content/EditorResources/S_Terrain.uasset" 94
"../../../Engine/Content/EditorLandscapeResources/SplineEditorMeshMat.uasset" 95
"../../../Engine/Content/EditorLandscapeResources/SplineEditorMesh.uasset" 96
"../../../Engine/Content/EditorResources/MatineeCam_D.uasset" 97
"../../../Engine/Content/EditorMaterials/MatineeCam_mat.uasset" 98
"../../../Engine/Content/EditorMeshes/MatineeCam_SM.uasset" 99
"../../../Engine/Content/Functions/Engine_MaterialFunctions02/Utility/Sign.uasset" 100
"../../../Engine/Content/Functions/Engine_MaterialFunctions02/Utility/Round.uasset" 101
"../../../Engine/Content/Functions/Engine_MaterialFunctions02/ExampleContent/Textures/flipbook.uasset" 102
"../../../Engine/Content/Functions/Engine_MaterialFunctions02/Texturing/FlipBook.uasset" 103
"../../../Engine/Content/EditorResources/T_EditorHelp.uasset" 104
"../../../Engine/Content/EditorMaterials/HelpActorMaterial.uasset" 105
"../../../Engine/Content/EditorResources/S_ExpoHeightFog.uasset" 106
"../../../Engine/Content/EditorResources/S_NavP.uasset" 107
"../../../Engine/Content/EditorResources/S_Player.uasset" 108
"../../../Engine/Content/EditorResources/LightIcons/SkyLight.uasset" 109
"../../../Engine/Content/EditorResources/S_WindDirectional.uasset" 110
"../../../Engine/Content/EngineDamageTypes/DmgTypeBP_Environmental.uasset" 111
"../../../Engine/Content/EditorResources/LightIcons/S_LightDirectional.uasset" 112
"../../../Engine/Content/EditorResources/LightIcons/S_LightDirectionalMove.uasset" 113
"../../../Engine/Content/EditorResources/LightIcons/S_LightPoint.uasset" 114
"../../../Engine/Content/EditorResources/LightIcons/S_LightPointMove.uasset" 115
"../../../Engine/Content/EditorResources/LightIcons/S_LightSpot.uasset" 116
"../../../Engine/Content/EditorResources/LightIcons/S_LightSpotMove.uasset" 117
"../../../Engine/Content/EditorResources/MatInstActSprite.uasset" 118
"../../../Engine/Content/EditorResources/AI/S_NavLink.uasset" 119
"../../../Engine/Content/EditorResources/S_Note.uasset" 120
"../../../Engine/Content/EngineMeshes/Sphere.uasset" 121
"../../../Engine/Content/EditorResources/S_ReflActorIcon.uasset" 122
"../../../Engine/Content/EditorResources/S_Thruster.uasset" 123
"../../../Engine/Content/EditorResources/S_RadForce.uasset" 124
"../../../Engine/Content/EditorMaterials/TargetIcon.uasset" 125
"../../../Engine/Content/EngineMaterials/DefaultTextMaterialOpaque.uasset" 126
"../../../Engine/Content/EditorResources/S_TextRenderActorIcon.uasset" 127
"../../../Engine/Content/EditorResources/S_Trigger.uasset" 128
"../../../Engine/Content/EditorResources/S_VectorFieldVol.uasset" 129
"../../../Engine/Content/EngineResources/GradientTexture0.uasset" 130
"../../../Engine/Content/EngineResources/Black.uasset" 131
"../../../Engine/Content/EditorMaterials/MatineeGroups/MAT_Groups_Float.uasset" 132
"../../../Engine/Content/EditorMaterials/MatineeGroups/MAT_Groups_Director.uasset" 133
"../../../Engine/Content/EditorMaterials/MatineeGroups/MAT_Groups_Event.uasset" 134
"../../../Engine/Content/EditorMaterials/MatineeGroups/MAT_Groups_Anim.uasset" 135
"../../../Engine/Content/EditorMaterials/MatineeGroups/MAT_Groups_Fade.uasset" 136
"../../../Engine/Content/EditorMaterials/MatineeGroups/MAT_Groups_Move.uasset" 137
"../../../Engine/Content/EditorMaterials/MatineeGroups/MAT_Groups_Slomo.uasset" 138
"../../../Engine/Content/EditorMaterials/MatineeGroups/MAT_ColorTrack.uasset" 139
"../../../Engine/Content/EditorMaterials/MAT_Groups_Toggle.uasset" 140
"../../../Engine/Content/EditorMaterials/MatineeGroups/MAT_Groups_AudioMaster.uasset" 141
"../../../Engine/Content/EditorMaterials/MatineeGroups/MAT_Groups_Sound.uasset" 142
"../../../Engine/Content/EditorMaterials/MatineeGroups/MAT_Groups_Vector.uasset" 143
"../../../Engine/Content/EditorMaterials/MAT_Groups_Visibility.uasset" 144
"../../../Engine/Content/EngineResources/DefaultTextureCube.uasset" 145
"../../../Engine/Content/EngineMeshes/Cylinder.uasset" 146
"../../../Engine/Content/EngineTireTypes/DefaultTireType.uasset" 147
"../../../Engine/Content/EditorResources/S_FTest.uasset" 148
"../../../Engine/Content/EngineResources/AICON-Red.uasset" 149
"../../../Engine/Content/EngineResources/AICON-Green.uasset" 150
"../../../Engine/Plugins/2D/Paper2D/Content/PlaceholderTextures/DummySpriteTexture.uasset" 151
"../../../Engine/Plugins/2D/Paper2D/Content/DefaultSpriteMaterial.uasset" 152
"../../../Engine/Plugins/2D/Paper2D/Content/MaskedUnlitSpriteMaterial.uasset" 153
"../../../Engine/Plugins/2D/Paper2D/Content/OpaqueUnlitSpriteMaterial.uasset" 154
"../../../Engine/Plugins/2D/Paper2D/Content/DummySprite.uasset" 155
"../../../Engine/Plugins/2D/Paper2D/Content/DefaultPaperTerrainMaterial.uasset" 156
"../../../Engine/Content/EditorSounds/Notifications/CompileSuccess.uasset" 157
"../../../Engine/Content/EditorSounds/Notifications/CompileStart_Cue.uasset" 158
"../../../Engine/Content/EditorSounds/Notifications/CompileSuccess_Cue.uasset" 159
"../../../Engine/Content/EditorSounds/Notifications/CompileFailed.uasset" 160
"../../../Engine/Content/EditorSounds/Notifications/CompileFailed_Cue.uasset" 161
"../../../Engine/Content/BufferVisualization/BaseColor.uasset" 162
"../../../Engine/Content/BufferVisualization/CustomDepth.uasset" 163
"../../../Engine/Content/Functions/Engine_MaterialFunctions02/Utility/MakeFloat2.uasset" 164
"../../../Engine/Content/Functions/Engine_MaterialFunctions02/Utility/MakeFloat3.uasset" 165
"../../../Engine/Content/EngineMaterials/MiniFont.uasset" 166
"../../../Engine/Content/BufferVisualization/CustomStencil.uasset" 167
"../../../Engine/Content/BufferVisualization/DecalMask.uasset" 168
"../../../Engine/Content/BufferVisualization/FinalImage.uasset" 169
"../../../Engine/Content/BufferVisualization/LightingModel.uasset" 170
"../../../Engine/Content/BufferVisualization/MaterialAO.uasset" 171
"../../../Engine/Content/BufferVisualization/Metallic.uasset" 172
"../../../Engine/Content/BufferVisualization/Opacity.uasset" 173
"../../../Engine/Content/BufferVisualization/Roughness.uasset" 174
"../../../Engine/Content/BufferVisualization/SceneColor.uasset" 175
"../../../Engine/Content/BufferVisualization/SceneDepth.uasset" 176
"../../../Engine/Content/BufferVisualization/SeparateTranslucencyRGB.uasset" 177
"../../../Engine/Content/BufferVisualization/SeparateTranslucencyA.uasset" 178
"../../../Engine/Content/BufferVisualization/Specular.uasset" 179
"../../../Engine/Content/BufferVisualization/SubsurfaceColor.uasset" 180
"../../../Engine/Content/BufferVisualization/WorldNormal.uasset" 181
"../../../Engine/Content/EngineMaterials/DefaultPhysicalMaterial.uasset" 182
"../../../Engine/Content/BufferVisualization/AmbientOcclusion.uasset" 183
"../../../Engine/Content/Functions/Engine_MaterialFunctions02/Utility/VectorLength.uasset" 184
"../../../Engine/Content/BufferVisualization/CustomDepthWorldUnits.uasset" 185
"../../../Engine/Content/BufferVisualization/SceneDepthWorldUnits.uasset" 186
"../../../Engine/Plugins/Runtime/LeapMotionController/Content/LM_CapsuleMesh.uasset" 187
"../../../Engine/Plugins/Runtime/LeapMotionController/Content/LM_TorusMesh.uasset" 188
"../../../Engine/Plugins/Runtime/LeapMotionController/Content/LM_HandColor.uasset" 189
"../../../Engine/Plugins/Runtime/LeapMotionController/Content/LM_SampleDistortion.uasset" 190
"../../../Engine/Plugins/Runtime/LeapMotionController/Content/LM_TestTexture.uasset" 191
"../../../Engine/Plugins/Runtime/LeapMotionController/Content/LM_PassthroughMaterial.uasset" 192
"../../../Engine/Content/EngineMaterials/WorldGridMaterial.uasset" 193
"../../../Engine/Content/BasicShapes/Cube.uasset" 194
"../../../Engine/Content/EngineMaterials/HighResolutionScreenshotMaskFunction.uasset" 195
"../../../Engine/Content/EngineMaterials/HighResScreenshot.uasset" 196
"../../../Engine/Content/EngineMaterials/HighResScreenshotMask.uasset" 197
"../../../Engine/Content/EngineMaterials/HighResScreenshotCaptureRegion.uasset" 198
"../../../Engine/Content/EngineDebugMaterials/WireframeMaterial.uasset" 199
"../../../Engine/Content/Functions/Engine_MaterialFunctions01/Shading/ConvertFromDiffSpec.uasset" 200
"../../../Engine/Content/EngineDebugMaterials/LevelColorationLitMaterial.uasset" 201
"../../../Engine/Content/EngineDebugMaterials/LevelColorationUnlitMaterial.uasset" 202
"../../../Engine/Content/EngineMaterials/DefaultWhiteGrid.uasset" 203
"../../../Engine/Content/EngineDebugMaterials/MAT_LevelColorationLitLightmapUV.uasset" 204
"../../../Engine/Content/EngineDebugMaterials/ShadedLevelColorationLitMaterial.uasset" 205
"../../../Engine/Content/EngineDebugMaterials/ShadedLevelColorationUnlitMateri.uasset" 206
"../../../Engine/Content/EngineDebugMaterials/VertexColorMaterial.uasset" 207
"../../../Engine/Content/EngineDebugMaterials/VertexColorViewMode_ColorOnly.uasset" 208
"../../../Engine/Content/EngineDebugMaterials/VertexColorViewMode_AlphaAsColor.uasset" 209
"../../../Engine/Content/EngineDebugMaterials/VertexColorViewMode_RedOnly.uasset" 210
"../../../Engine/Content/EngineDebugMaterials/VertexColorViewMode_GreenOnly.uasset" 211
"../../../Engine/Content/EngineDebugMaterials/VertexColorViewMode_BlueOnly.uasset" 212
"../../../Engine/Content/EngineMaterials/RemoveSurfaceMaterial.uasset" 213
"../../../Engine/Content/EngineDebugMaterials/DebugMeshMaterial.uasset" 214
"../../../Engine/Content/EngineMaterials/InvalidLightmapSettings.uasset" 215
"../../../Engine/Content/EngineMaterials/M_InvalidLightmapSettings.uasset" 216
"../../../Engine/Content/EditorMaterials/GizmoMaterial.uasset" 217
"../../../Engine/Content/EngineDebugMaterials/GeomMaterial.uasset" 218
"../../../Engine/Content/EngineMaterials/EditorBrushMaterial.uasset" 219
"../../../Engine/Content/EngineDebugMaterials/HeatmapGradient.uasset" 220
"../../../Engine/Content/EngineDebugMaterials/BoneWeightMaterial.uasset" 221
"../../../Engine/Content/EditorMaterials/PreviewShadowIndicator.uasset" 222
"../../../Engine/Content/EditorMaterials/PreviewShadowIndicatorMaterial.uasset" 223
"../../../Engine/Content/EditorMaterials/PhAT_JointLimitMaterial.uasset" 224
"../../../Engine/Content/EditorResources/BSPVertex.uasset" 225
"../../../Engine/Content/EngineMaterials/DefaultBokeh.uasset" 226
"../../../Engine/Content/EngineMaterials/PreintegratedSkinBRDF.uasset" 227
"../../../Engine/Content/EngineMaterials/WeightMapPlaceholderTexture.uasset" 228
"../../../Engine/Content/EngineFonts/RobotoTiny.uasset" 229
"../../../Engine/Content/Tutorial/Basics/LevelEditorAttract.uasset" 230
"../../../Engine/Content/Tutorial/ContentIntroCurve.uasset" 231
"../../../Engine/Content/EditorMaterials/Cross.uasset" 232
"../../../Engine/Content/EditorMaterials/Cross_Mat.uasset" 233
"../../../Engine/Content/EditorMaterials/PhAT_BoneSelectedMaterial.uasset" 234
"../../../Engine/Content/EditorMaterials/PhAT_ElemSelectedMaterial.uasset" 235
"../../../Engine/Content/EditorMaterials/PhAT_NoCollisionMaterial.uasset" 236
"../../../Engine/Content/EditorMaterials/PhAT_UnselectedMaterial.uasset" 237
"../../../Engine/Content/EditorMaterials/Tick.uasset" 238
"../../../Engine/Content/EditorMaterials/Tick_Mat.uasset" 239
"../../../Engine/Content/EditorMaterials/WidgetGridVertexColorMaterial.uasset" 240
"../../../Engine/Content/EditorMaterials/WidgetGridVertexColorMaterial_Ma.uasset" 241
"../../../Engine/Content/EditorMaterials/WidgetMaterial.uasset" 242
"../../../Engine/Content/EditorMaterials/WidgetMaterial_Current.uasset" 243
"../../../Engine/Content/EditorMaterials/WidgetMaterial_X.uasset" 244
"../../../Engine/Content/EditorMaterials/WidgetMaterial_Y.uasset" 245
"../../../Engine/Content/EditorMaterials/WidgetMaterial_Z.uasset" 246
"../../../Engine/Content/EditorMaterials/WidgetVertexColorMaterial.uasset" 247
"../../../Engine/Content/EditorMaterials/CompositeARGBLayer.uasset" 248
"../../../Engine/Content/EditorMaterials/TilingAALineIntegral.uasset" 249
"../../../Engine/Content/EditorMaterials/TilingAALineBoxFiltered.uasset" 250
"../../../Engine/Content/EditorMaterials/TilingAADots.uasset" 251
"../../../Engine/Content/EditorMaterials/Cascade/CASC_Cross.uasset" 252
"../../../Engine/Content/EditorMaterials/Cascade/CASC_None.uasset" 253
"../../../Engine/Content/Functions/Engine_MaterialFunctions03/Blends/Blend_Screen.uasset" 254
"../../../Engine/Content/EditorMaterials/TilingAAGrid.uasset" 255
"../../../Engine/Content/EditorMaterials/LevelGridMaterial.uasset" 256
"../../../Engine/Content/EditorResources/SmallFont.uasset" 257
"../../../Engine/Content/EditorResources/S_KBSJoint.uasset" 258
"../../../Engine/Content/EditorResources/S_KHinge.uasset" 259
"../../../Engine/Content/EditorResources/S_KPrismatic.uasset" 260
"../../../Engine/Content/EditorResources/LightIcons/S_LightError.uasset" 261
"../../../Engine/Content/EditorResources/Spline/T_Loft_Spline.uasset" 262
"../../../Engine/Content/EngineMaterials/BlinkingCaret.uasset" 263
"../../../Engine/Content/EngineMaterials/DefaultNormal.uasset" 264
"../../../Engine/Content/EngineMaterials/Grid_N.uasset" 265
"../../../Engine/Content/EngineMaterials/LandscapeHolePhysicalMaterial.uasset" 266
"../../../Engine/Content/EngineMaterials/PaperDiffuse.uasset" 267
"../../../Engine/Content/EngineMaterials/PaperNormal.uasset" 268
"../../../Engine/Content/EngineMaterials/PhysMat_Rubber.uasset" 269
"../../../Engine/Content/EngineFonts/SmallFont.uasset" 270
"../../../Engine/Content/EngineFonts/TinyFont.uasset" 271
"../../../Engine/Content/EngineResources/StreamingPauseIcon.uasset" 272
"../../../Engine/Content/EngineResources/M_StreamingPause.uasset" 273
"../../../Engine/Content/EditorLandscapeResources/DefaultAlphaTexture.uasset" 274
"../../../Engine/Content/MobileResources/HUD/MobileHUDButton3.uasset" 275
"../../../Engine/Content/MobileResources/T_MobileMenu2.uasset" 276
"../../../Engine/Content/MobileResources/HUD/MobileHUDDirectionPad3.uasset" 277
"../../../Engine/Content/MobileResources/HUD/MobileHUDButton2_off.uasset" 278
"../../../Engine/Content/MobileResources/HUD/MobileHUDDirectionPad.uasset" 279
"../../../Engine/Content/EditorResources/EmptyActor.uasset" 280
"../../../Engine/Content/BasicShapes/Sphere.uasset" 281
"../../../Engine/Content/BasicShapes/Cylinder.uasset" 282
"../../../Engine/Content/BasicShapes/Cone.uasset" 283
"../../../Engine/Content/Tutorial/Basics/TutorialAssets/icon_tab_Levels_40x.uasset" 284
"../../../Engine/Content/Tutorial/Basics/LevelEditorOverview.uasset" 285
"../../../Engine/Content/EditorMaterials/MakeCompositeARGBLayer.uasset" 286
"../../../Engine/Content/EditorResources/LevelGrid1DStripes.uasset" 287
"../../../Engine/Content/EditorMaterials/TextureGridCascaded1D.uasset" 288
"../../../Engine/Content/EditorMaterials/TextureGridCascaded2D.uasset" 289
"../../../Engine/Content/EditorMaterials/LevelGridMaterial2.uasset" 290
"../../../Engine/Content/Tutorial/SubEditors/MaterialEditorTutorial.uasset" 291
"../../../Engine/Content/MobileResources/HUD/MobileHUDButton1_off.uasset" 292
"../../../Engine/Content/MobileResources/HUD/T_Castle_ThumbstickInner.uasset" 293
"../../../Engine/Content/Functions/Engine_MaterialFunctions01/Coordinates/UVRemap_0-1_ToRange.uasset" 294
"../../../Engine/Content/EditorMaterials/T_1x1_Grid.uasset" 295
"../../../Engine/Content/Functions/Engine_MaterialFunctions01/Debug/PlotFunctionOnGraph.uasset" 296
"../../../Engine/Content/Functions/Engine_MaterialFunctions01/Debug/PlotFunctionOnGraph_Setup_Input.uasset" 297
"../../../Engine/Content/Functions/Engine_MaterialFunctions01/ImageAdjustment/BlurSampleOffsets.uasset" 298
"../../../Engine/Content/Functions/Engine_MaterialFunctions01/ImageAdjustment/SceneTextureAverage.uasset" 299
"../../../Engine/Content/Functions/Engine_MaterialFunctions01/Opacity/AlphaOffset.uasset" 300
"../../../Engine/Content/Functions/Engine_MaterialFunctions02/Utility/BreakOutFloat3Components.uasset" 301
"../../../Engine/Content/Functions/Engine_MaterialFunctions01/Reflections/ViewAlignedReflection.uasset" 302
"../../../Engine/Content/Functions/Engine_MaterialFunctions01/Shading/FuzzyShading.uasset" 303
"../../../Engine/Content/Functions/Engine_MaterialFunctions01/Shading/MetallicShading.uasset" 304
"../../../Engine/Content/Functions/Engine_MaterialFunctions01/Texturing/BakedDisplacement.uasset" 305
"../../../Engine/Content/Functions/Engine_MaterialFunctions01/Vectors/MF_RotateVector_90.uasset" 306
"../../../Engine/Content/Functions/Engine_MaterialFunctions01/WorldPositionOffset/ConstantScalebyDistance.uasset" 307
"../../../Engine/Content/Functions/Engine_MaterialFunctions01/WorldPositionOffset/SimpleGrassWind.uasset" 308
"../../../Engine/Content/Functions/Engine_MaterialFunctions02/Math/MakeVectorsOrthogonal.uasset" 309
"../../../Engine/Content/Functions/Engine_MaterialFunctions02/Math/Transform3x3Matrix.uasset" 310
"../../../Engine/Content/Functions/Engine_MaterialFunctions02/Utility/CameraDirectionVector.uasset" 311
"../../../Engine/Content/Functions/Engine_MaterialFunctions02/Utility/VectorToRadialValue.uasset" 312
"../../../Engine/Content/Functions/Engine_MaterialFunctions02/AlignFacingParticlesByVelocity2D.uasset" 313
"../../../Engine/Content/Functions/Engine_MaterialFunctions02/Math/TimeWithSpeedVariable.uasset" 314
"../../../Engine/Content/Functions/Engine_MaterialFunctions02/SteppingPannerTime.uasset" 315
"../../../Engine/Content/Functions/Engine_MaterialFunctions01/Gradient/LinearGradient.uasset" 316
"../../../Engine/Content/Functions/Engine_MaterialFunctions02/Gradients/SmoothCurve.uasset" 317
"../../../Engine/Content/Functions/Engine_MaterialFunctions02/Math/AddComponents.uasset" 318
"../../../Engine/Content/Functions/Engine_MaterialFunctions02/SafeNormalize.uasset" 319
"../../../Engine/Content/Functions/Engine_MaterialFunctions02/WorldPositionOffset/ObjectScale.uasset" 320
"../../../Engine/Content/Functions/Engine_MaterialFunctions02/PivotPainter/PivotPainter_HierarchyData.uasset" 321
"../../../Engine/Content/Functions/Engine_MaterialFunctions02/ObjectLocalToWorldData.uasset" 322
"../../../Engine/Content/Functions/Engine_MaterialFunctions02/WorldPositionOffset/Wind.uasset" 323
"../../../Engine/Content/Functions/Engine_MaterialFunctions02/PivotPainter/PivotPainter_PerObjectFoliageData.uasset" 324
"../../../Engine/Content/Functions/Engine_MaterialFunctions02/PivotPainter/PivotPainter_TreeData.uasset" 325
"../../../Engine/Content/Functions/Engine_MaterialFunctions01/ImageAdjustment/CheapContrast.uasset" 326
"../../../Engine/Content/Functions/Engine_MaterialFunctions02/Texturing/HeightLerpWithTwoHeightMaps.uasset" 327
"../../../Engine/Content/Functions/Engine_MaterialFunctions02/Utility/BumpOffset_Advanced.uasset" 328
"../../../Engine/Content/Functions/Engine_MaterialFunctions01/Texturing/TextureCropping.uasset" 329
"../../../Engine/Content/Functions/Engine_MaterialFunctions01/Texturing/ComputeMipLevel.uasset" 330
"../../../Engine/Content/Functions/Engine_MaterialFunctions02/ExampleContent/DebugNumberStrip.uasset" 331
"../../../Engine/Content/Functions/Engine_MaterialFunctions02/ExampleContent/Textures/DebugNumberPeriod.uasset" 332
"../../../Engine/Content/Functions/Engine_MaterialFunctions02/Utility/DebugScalarValues.uasset" 333
"../../../Engine/Content/Functions/Engine_MaterialFunctions02/Utility/DebugFloat2Values.uasset" 334
"../../../Engine/Content/Functions/Engine_MaterialFunctions02/Utility/BreakOutFloat4Components.uasset" 335
"../../../Engine/Content/Functions/Engine_MaterialFunctions02/Utility/DebugFloat4Values.uasset" 336
"../../../Engine/Content/Functions/Engine_MaterialFunctions02/Utility/DebugFloat3Values.uasset" 337
"../../../Engine/Content/Functions/Engine_MaterialFunctions02/Texturing/ScreenAlignedPixelToPixelUVs.uasset" 338
"../../../Engine/Content/EngineMaterials/Good64x64TilingNoiseHighFreq.uasset" 339
"../../../Engine/Content/Functions/Engine_MaterialFunctions02/Utility/DitherTemporalAA.uasset" 340
"../../../Engine/Content/Functions/Engine_MaterialFunctions02/Utility/DynamicBranch.uasset" 341
"../../../Engine/Content/Functions/Engine_MaterialFunctions02/Utility/LinearSine.uasset" 342
"../../../Engine/Content/Functions/Engine_MaterialFunctions02/Utility/MakeFloat4.uasset" 343
"../../../Engine/Content/Functions/Engine_MaterialFunctions02/Utility/Sine_Remapped.uasset" 344
"../../../Engine/Content/Functions/Engine_MaterialFunctions02/Utility/SumOfAConsecutiveNumberSequence.uasset" 345
"../../../Engine/Content/Functions/Engine_MaterialFunctions02/ObjectLocalBounds.uasset" 346
"../../../Engine/Content/Functions/Engine_MaterialFunctions02/UVs/BoundingBoxBased_0-1_UVW.uasset" 347
"../../../Engine/Content/Functions/Engine_MaterialFunctions02/UVs/PanTextureCoordinateChannelfrom-1toN+1.uasset" 348
"../../../Engine/Content/Functions/Engine_MaterialFunctions02/UVs/PanTextureCoordinateFrom-1toN+1.uasset" 349
"../../../Engine/Content/Functions/Engine_MaterialFunctions02/UVs/UVBrickPatterns.uasset" 350
"../../../Engine/Content/Functions/Engine_MaterialFunctions02/Math/InverseTransformMatrix.uasset" 351
"../../../Engine/Content/Functions/Engine_MaterialFunctions02/Utility/CameraVectorWithWPOOptions.uasset" 352
"../../../Engine/Content/Functions/Engine_MaterialFunctions02/WorldPositionOffset/ComponentPivotLocation.uasset" 353
"../../../Engine/Content/Functions/Engine_MaterialFunctions02/WorldPositionOffset/AlignMeshToTheCamera.uasset" 354
"../../../Engine/Content/Functions/Engine_MaterialFunctions02/WorldPositionOffset/AttachMeshToTheCamera.uasset" 355
"../../../Engine/Content/Functions/Engine_MaterialFunctions02/WorldPositionOffset/ComponentBasisVectors.uasset" 356
"../../../Engine/Content/Functions/Engine_MaterialFunctions02/WorldPositionOffset/StaticMeshMorphTargets.uasset" 357
"../../../Engine/Content/Functions/Engine_MaterialFunctions02/WorldPositionOffset/UVLayoutToWorldSpacePosition.uasset" 358
"../../../Engine/Content/Functions/Engine_MaterialFunctions03/Blends/Blend_ColorBurn.uasset" 359
"../../../Engine/Content/EditorMaterials/CASC_ModuleEnab_2.uasset" 360
"../../../Engine/Content/Functions/Engine_MaterialFunctions03/Blends/Blend_LinearLight.uasset" 361
"../../../Engine/Content/Functions/Engine_MaterialFunctions03/Blends/Lerp_ScratchGrime.uasset" 362
"../../../Engine/Content/Functions/Engine_MaterialFunctions03/Particles/Distance_Blend.uasset" 363
"../../../Engine/Content/Functions/Engine_MaterialFunctions03/Procedurals/NormalFromFunction.uasset" 364
"../../../Engine/Content/Functions/Engine_MaterialFunctions03/Procedurals/NormalFromHeightmap.uasset" 365
"../../../Engine/Content/Functions/Engine_MaterialFunctions03/Procedurals/PerturbNormalHQ.uasset" 366
"../../../Engine/Content/EngineResources/DefaultTexture.uasset" 367
"../../../Engine/Content/Functions/Engine_MaterialFunctions03/Texturing/WorldCoordinate3Way.uasset" 368
"../../../Engine/Content/Functions/GetPostProcessFunctions/GetAmbientCubemapIntensity.uasset" 369
"../../../Engine/Content/Functions/GetPostProcessFunctions/GetAmbientCubemapTint.uasset" 370
"../../../Engine/Content/Functions/MaterialLayerFunctions/MatLayerBlend_BreakBaseColor.uasset" 371
"../../../Engine/Content/Functions/MaterialLayerFunctions/MatLayerBlend_BreakNormal.uasset" 372
"../../../Engine/Content/Functions/MaterialLayerFunctions/MatLayerBlend_LightmassReplace.uasset" 373
"../../../Engine/Content/Functions/MaterialLayerFunctions/MatLayerBlend_OverrideDisplacement.uasset" 374
"../../../Engine/Content/Functions/MaterialLayerFunctions/MatLayerBlend_OverrideOpacityMask.uasset" 375
"../../../Engine/Content/Functions/MaterialLayerFunctions/MatLayerBlend_OverrideSubSurface.uasset" 376
"../../../Engine/Content/Functions/MaterialLayerFunctions/MatLayerBlend_OverrideWorldPositionOffset.uasset" 377
"../../../Engine/Content/Functions/MaterialLayerFunctions/MatLayerBlend_RoughnessOverride.uasset" 378
"../../../Engine/Content/Functions/MaterialLayerFunctions/MatLayerBlend_TopNormal.uasset" 379
"../../../Engine/Content/EditorSounds/GamePreview/EndPlayInEditor.uasset" 380
"../../../Engine/Content/EditorSounds/GamePreview/EndPlayInEditor_Cue.uasset" 381
"../../../MyProject/Content/SideScrollerBP/Blueprints/SideScrollerGameMode.uasset" 382
"../../../Engine/Content/EditorSounds/GamePreview/StartPlayInEditor.uasset" 383
"../../../Engine/Content/EditorSounds/GamePreview/StartPlayInEditor_Cue.uasset" 384
"../../../Engine/Content/MobileResources/T_MobileControls_texture.uasset" 385
"../../../Engine/Content/MobileResources/HUD/AnalogHat.uasset" 386
"../../../Engine/Content/MobileResources/HUD/VirtualJoystick_Background.uasset" 387
"../../../Engine/Content/MobileResources/HUD/VirtualJoystick_Thumb.uasset" 388
"../../../Engine/Content/MobileResources/HUD/DefaultVirtualJoysticks.uasset" 389
"../../../Engine/Content/MobileResources/HUD/LeftVirtualJoystickOnly.uasset" 390
"../../../Engine/Content/MobileResources/HUD/MobileHUDButton1_on.uasset" 391
"../../../Engine/Content/MobileResources/HUD/MobileHUDButton2_on.uasset" 392
"../../../Engine/Content/MobileResources/HUD/MobileHUDButtonFire.uasset" 393
"../../../Engine/Content/MobileResources/HUD/MobileHUDDirectionPad2.uasset" 394
"../../../Engine/Content/MobileResources/HUD/MobileHUDDirectionStick.uasset" 395
"../../../Engine/Content/MobileResources/HUD/T_Castle_ThumbstickOutter.uasset" 396
"../../../MyProject/Content/SideScrollerBP/SideScrollerOverview.uasset" 397
"../../../Engine/Content/Tutorial/Basics/ContentBrowserOverview.uasset" 398
"../../../Engine/Content/Tutorial/Basics/FeaturePacks.uasset" 399
"../../../Engine/Content/Tutorial/Basics/TutorialAssets/CameraActor_64x.uasset" 400
"../../../Engine/Content/Tutorial/Basics/ViewportsTutorial.uasset" 401
"../../../Engine/Content/Tutorial/BlueprintTutorials/TutorialAssets/Blueprint_64x.uasset" 402
"../../../Engine/Content/Tutorial/BlueprintTutorials/BlueprintEditorTutorial.uasset" 403
"../../../Engine/Content/Tutorial/BlueprintTutorials/TutorialAssets/BlueprintInterface_64x.uasset" 404
"../../../Engine/Content/Tutorial/BlueprintTutorials/BlueprintInterfacesEditorOverview.uasset" 405
"../../../Engine/Content/Tutorial/BlueprintTutorials/TutorialAssets/BlueprintMacroLibrary_64x.uasset" 406
"../../../Engine/Content/Tutorial/BlueprintTutorials/TutorialAssets/Tutorial_BP_MacroLib.uasset" 407
"../../../Engine/Content/Tutorial/BlueprintTutorials/BlueprintMacroLibrariesEditorOverview.uasset" 408
"../../../Engine/Content/Tutorial/BlueprintTutorials/ClassBlueprintsEditorOverview.uasset" 409
"../../../Engine/Content/Tutorial/BlueprintTutorials/LevelBlueprintEditorOverview.uasset" 410
"../../../Engine/Content/Tutorial/Code/AddingCode.uasset" 411
"../../../Engine/Content/Tutorial/Foliage/TutorialAssets/Foliage.uasset" 412
"../../../Engine/Content/Tutorial/Foliage/Foliage_Settings_Tutorial.uasset" 413
"../../../Engine/Content/Tutorial/Foliage/Foliage_Using_The_Tool_Tutorial.uasset" 414
"../../../Engine/Content/Tutorial/Foliage/Foliage_Intro_Tutorial.uasset" 415
"../../../Engine/Content/Tutorial/Foliage/FoliageWalkThrough.uasset" 416
"../../../Engine/Content/Tutorial/Installation/InstallingVisualStudioTutorial.uasset" 417
"../../../Engine/Content/Tutorial/Installation/InstallingXCodeTutorial.uasset" 418
"../../../Engine/Content/Tutorial/InWorldBlueprintEditing/IWBE_Tutorial_Part3.uasset" 419
"../../../Engine/Content/Tutorial/InWorldBlueprintEditing/IWBE_Tutorial_Part2.uasset" 420
"../../../Engine/Content/Tutorial/InWorldBlueprintEditing/IWBE_Tutorial.uasset" 421
"../../../Engine/Content/Tutorial/InWorldBlueprintEditing/TutorialAssets/IWBE_Bridge1.uasset" 422
"../../../Engine/Content/Tutorial/InWorldBlueprintEditing/TutorialAssets/IWBE_Bridge2.uasset" 423
"../../../Engine/Content/Tutorial/Landscape/TutorialAssets/Landscape.uasset" 424
"../../../Engine/Content/Tutorial/Landscape/Landscape_Painting_Mode.uasset" 425
"../../../Engine/Content/Tutorial/Landscape/Landscape_Sculpt_Mode.uasset" 426
"../../../Engine/Content/Tutorial/Landscape/Landscape_Manage_Mode.uasset" 427
"../../../Engine/Content/Tutorial/Landscape/LandscapeWalkThrough.uasset" 428
"../../../Engine/Content/Tutorial/Mobile/TutorialAssets/IOS.uasset" 429
"../../../Engine/Content/Tutorial/Mobile/CreatingSigningCertAndProvisionTutorial.uasset" 430
"../../../Engine/Content/Tutorial/Mobile/InstallingiTunesTutorial.uasset" 431
"../../../Engine/Content/Tutorial/Mobile/TutorialAssets/android_Icon.uasset" 432
"../../../Engine/Content/Tutorial/Mobile/SettingUpAndroidTutorial.uasset" 433
"../../../Engine/Content/Tutorial/Paper2D/TutorialAssets/Paper2DFlipbook_TutorialIcon.uasset" 434
"../../../Engine/Content/Tutorial/Paper2D/FlipbookEditorTutorial.uasset" 435
"../../../Engine/Content/Tutorial/Paper2D/TutorialAssets/Paper2DSprite_TutorialIcon.uasset" 436
"../../../Engine/Content/Tutorial/Paper2D/SpriteEditorTutorial.uasset" 437
"../../../Engine/Content/Tutorial/SubEditors/DestructibleMeshEditorTutorial.uasset" 438
"../../../Engine/Content/Tutorial/SubEditors/ParticleSystemEditorTutorial.uasset" 439
"../../../Engine/Content/Tutorial/SubEditors/TutorialAssets/icon_ShowSkeletalMeshes_40x.uasset" 440
"../../../Engine/Content/Tutorial/SubEditors/PersonaAnimBlueprintEditorWalkthrough.uasset" 441
"../../../Engine/Content/Tutorial/SubEditors/PersonaAnimEditorWalkthrough.uasset" 442
"../../../Engine/Content/Tutorial/SubEditors/SkeletonModeWalkthrough.uasset" 443
"../../../Engine/Content/Tutorial/SubEditors/SkeletalMeshEditorWalkthrough.uasset" 444
"../../../Engine/Content/Tutorial/SubEditors/PersonaWalkthrough.uasset" 445
"../../../Engine/Content/Tutorial/SubEditors/StaticMeshEditorTutorial.uasset" 446
"../../../Engine/Content/Tutorial/SubEditors/TutorialAssets/icon_Editor_Preferences_General_40x.uasset" 447
